[    0.00000] nitilingcgroup ssy cput[   0.0000] Initializing cgroup subss u
[  000000] Initiaizing cgousubsyscpcc
[   .0000] Lnuvesion 44.127-geer (uildd@lcy01-amd64-023) (c version 5.4.0 20160609 (Ubuntu 5.4.0-6ubuntu1~16.04.9) ) #153-Ubuntu SMP Sat May 19 10:58:46 UTC 2018 (Ubuntu 4.4.0-127.153-generic 4.4.128)
[    0.000000] Command line: BOOT_IMAGE=/boot/vmlinuz-4.4.0-127-generic root=UUID=d7006b2f-ace6-464d-8b21-17180b3ed360 ro console=tty1 console=ttyS0
[    0.000000] KERNEL supported cpus:
[    0.00000]   Intel GenuineIntel
[    0.000000]   AMD AuthenticAMD
[    0.000000]   Centaur CentaurHauls
[    0.000000] x86/fpu: xstate_offset[2]:  576, xstate_sizes[2]:  256
[    0.000000] x86/fpu: Spporting XSAVE feature 0x01: 'x87 floating point registers'
[    0.000000] x86/fpu: Supporting XSAVE feature 0x02: 'SSE registers'
[    0.000000] x86/fpu: Supporting XSAVE feature 0x04: 'AVX registers'
[    0.000000] x86/fpu: Enabled xstate features 0x7, context size is 832 bytes, using 'standard' format.
[    0.000000] x86/fpu: Using 'lazy' FPU context switches.
[    0.000000] e820: BIOS-provided physical RAM map:
[    0.000000] BIOS-e820: [mem 0x0000000000000000-0x000000000009fbff] usable
[    0.000000] BIOS-e820: [mem 0x000000000009fc00-0x000000000009ffff] reserved
[    0.000000] BIOS-e820: [mem 0x00000000000f0000-0x00000000000fffff] reserved
[    0.000000] BIOS-e820: [mem 0x0000000000100000-0x000000003ffeffff] usable
[    0.000000] BIOS-e820: [mem 0x0000003f00-0x0000003fffff]AC data[  0.00000] BIOe80: [me 0000000fec00000-0x00000000fec00fff] reserved
[    0.0000] BOS82: [mem0x00000fee00000x000000eefff] rseve
[[   0.000] BIO-e0:[mem 0x0000fffc0000-0x00000000ffffffff] reerved
[  000000] NX(Exeute Disable) protection: active
[    0.000000] SMBIOS 2.5 present.
[    0.000000] Hypervisor detected: KVM
[    0.000000] e820: last_pfn = 0x3fff0 max_arch_pfn = 0x400000000
[    0.000000] MTRR: Disabled
[    0.000000] x86/PAT: MTRRs disabed, skipping PAT initialization too.
[    0.000000] CPU MTRRsalblnk - vrtlized syste
   0.00000x8/PAT: onguation [0-]:B  WT  UC-UCWB WT UCUC 
[   0.000] funSM MP-ab a [mem x09ff0-000fff] mapedt ffff8000fff0]
[  00000] aning ars for low memory corruption
[    00000] RADISK: [mem 0x36206000-0x370fafff
[    0.00000] ACCPI: Early table checksum verification disabled
[    0.000000] ACPI: RSDP 0x00000000000E0000 000024 (v02 VBOX  )
[    0.000000] ACPI: XSDT 0x000000003FFF0030 00003C (v01 VBOX   VBOXXSDT 00000001 ASL  00000061)
[    0.000000] ACPI: FACP 0x000000003FFF00F0 0000F4 (v04 VBOX   VBOXFACP 00000001 ASL  00000061)
[    0.000000] ACPI: DSDT 0x000000003FFF0470 0021FF (v02 VBOX   VBOXBIOS 00000002 INTL 20100528)
[    0.000000] ACPI: FACS 0x000000003FFF0200 000040
[    0.000000] ACPI: FACS 0x000000003FFF0200 000040
[    0.000000] ACPI: APIC 0x000000003FFF0240 00005C (v02 VBOX   VBOXAPIC 00000001 ASL  00000061)
[    0.000000] ACPI: SSDT 0x000000003FFF02A0 0001CC (v01 VBOX   VBOXCPUT 00000002 INTL 20100528)
[    0.000000] No NUMA configuration found
[    0.000000] Faking a node at [mem 0x0000000000000000-0x000000003ffeffff]
[    0.000000] NODE_DATA(0) allocated [mem 0x3ffeb000-0x3ffeffff]
[    0.000000] kvm-clock: Using msrs 4b564d01 and 4b564d00
[    0.000000] kvm-clock: cpu 0, msr 0:3ffe3001, primary cpu clock
[    0.000000] kvm-clock: using sched offset of 4644955012 cycles
[    0.0000] clocksourc: vm-clok:ask: 0xffffffffffff max_yces: 0xcde4ffb,maide_ns: 81051483 n
   0.000000] Zone rang:[   0.000]   DA   [mem 0x000000000100-0000000fffff][  0.000000  MA32   [m x000000000100000-0x00000003fffff]
[    0.000000]   Normal   empty
[    0.000000]   Device   empty
[    0.000000] Movable zone start for each node
[    0.000000] Early memory node ranges
[    0.000000]   node   0: [mem 0x0000000000001000-0x000000000009efff]
[    0.000000]   node   0: [mem 0x0000000000100000-0x000000003ffeffff]
[    0.000000] Initmem setup node 0 [mem 0x0000000000001000-0x000000003ffeffff]
[    0.000000] ACPI: PM-Timer IO Port: 0x4008
[    0.000000] IOAPIC[0]: apic_id 2, version 32, address 0xfec00000, GSI 0-23
[    0.000000] ACPI: INTSROV (bu0 s_irq 0 lobal_irq 2 dfl df)    0.000]ACPI: NTRCOVR (bs bus_irq 9 globa_irq 9 lw evl)
[   0000] UsngCPI (MDTfo SMP onguatio iortion
[    0.00000] smbot:llowng CUs, 0 otugCPUs
[  0.00000] PM Registered nosave memory: [mem 0x00000000-0x00000fff]
[    0.00000] PM: Registered nosave memory:[mem 0x0009f000-0x0009ffff]
[    0.000000] PM: Registered nosave memory: [mem 0x000a0000-0x000effff]
[    0.000000] PM: Registered nosave memory: [mem 0x000f0000-0x000fffff]
[    0.000000] e820: [mem 0x40000000-0xfebfffff] available for PCI devices
[    0.000000] Booting paravirtualized kernel on KVM
[    0.000000] clocksource: refined-jiffies: mask: 0xffffffff max_cycles: 0xffffffff, max_idle_ns: 7645519600211568 ns
[    0.000000] setup_percpu: NR_CPUS:512 nr_cpumask_bits:512 nr_cpu_ids:2 nr_node_ids:1
[    0.000000] PERCPU: Embedded 34 pages/cpu @ffff88003fc00000 s99544 r8192 d31528 u1048576
[    0.000000] PV qspinlock hash table entries: 256 (order:0,096 byes
[   0.000]Built 1 zoneliss in Node rd, mobiitgrupin o  otal pages: 257912
[    0.000000] Policy zoe:MA32
[    00000] erl ommand lineBOT_IMAG=/otvmlinuz-4..0-27-genrirot=UUD=00b2f-ace646-8b2-1803ed360roonsol=tty console=ttyS0
[    0.000000] PID hash table enties: 4096 (order: 3, 3278 bytes)
[    0.000000] Memory: 997204K/1048120K available (8537K kernel code, 1313K rwdata, 4000K rodata, 1512K init, 1316K bss, 50916K reserved, 0K cma-reserved)
[    0.000000] SLUB: HWalign=64, Order=0-3, MinObjects=0, CPUs=2, Nodes=1
[    0.000000] Kerne/Ur age taleisolation: enabled
[  00000] errchil CUimplemnttio.
[    0.000]	Build-time adjustmenofea fanout to 64.
[   0.0000] 	RCU rstctng CUsro NR_CS=2 to n_c_is=2.
[  0000000] CUAdjustinggeetry fr u_anout_lef=, nrcpid=2
[    0.00000] NR_IRQS:33024 nr_irqs:440 16
[    0.000000] Console: colour VGA+ 80x25
[    0.000000] console [tty1] enabled
[    0.000000] console [ttyS0] enabled
[    0.000000] tsc: Detected 2711.998 MHz processor
[    7.465496] Calibrating delay loop (skipped) preset value.. 5423.99 BogoMIPS (lpj=10847992)
[    .468177] pid_max: default: 32768 inimum: 301
[    7.495017] ACPI: Core revision 20150930
[    7.497257] ACPI: 2 ACPI AML tables  successfully acquired and loaded
[    7.500593] Security Framework initialized
[    7.502194] Yama: becoming mindful.
[    7.503194] AppArmor: AppArmor initialized
[    7.504260] Dentry cache hash table entries: 131072 (order: 8, 1048576 bytes)
[    7.507371] Inode-cache hash table entries: 65536 (order: 7, 524288 bytes)
[    7.509193] Mount-cache hash table entries: 2048 (order: 2, 16384 bytes)
[    7.510674] Mountpoint-cache hash table entries: 2048 (order: 2, 16384 bytes)
[    7.512425] Initializing cgroup subsys io
[    7.597140] Initializing cgroup subsys memory
[    7.685424] Initializing cgroup subsys devices
[    7.783007] Initializing cgroup subsys freezer
[    7.853146] Initializing cgroup subsys net_cls
[    7.942627] Initializing cgroup subsys perf_event
[    8.033484] Initializing cgroup subsys net_prio
[    8.086305] Initializing cgroup subsys hugetlb
[    8.166850] Initializing cgroup subsys pids
[    8.253199] CPU: Physical Processor ID: 0
[    8.336934] CPU: Processor Core ID: 0
[    8.406540] mce: CPU supports 0 MCE banks
[    8.478295] Last level iTLB entries: 4KB 64, 2MB 8, 4MB 8
[    8.537730] Last level dTLB entries: 4KB 64, 2MB 0, 4MB 0, 1GB 4
[    8.557415] Spectre V2 : Mitigation: Full generic retpoline
[    8.559161] Spectre V2 : Speculation control IBPB not-supported IBRS not-supported
[    8.561294] Spectre V2 : Filling RSB on context switch
[    8.569845] Speculative Store Bypass: Vulnerable
[    8.575035] Freeing SMP alternatives memory: 32K
[    8.584290] ftrace: allocating 32237 entries in 126 pages
[    8.638410] smpboot: APIC(0) Converting physical 0 to logical package 0
[    8.753178] smpboot: Max logical packages: 1
[    8.833466] x2apic enabled
[    8.898551] Switched APIC routing to physical x2apic.
[    8.998466] ..TIMER: vector=0x30 apic1=0 pin1=2 apic2=-1 pin2=-1
[    9.245087] smpboot: CPU0: Intel(R) Core(TM) i7-6820HQ CPU @ 2.70GHz (family: 0x6, model: 0x5e, stepping: 0x3)
[    9.426404] Performance Events: unsupported p6 CPU model 94 no PMU driver, software events only.
[    9.611827] KVM setup paravirtual spinlock
[    9.642527] x86: Booting SMP configuration:
[    9.650738] .... node  #0, CPUs:      #1
[    9.653491] kvm-clock: cpu 1, msr 0:3ffe3041, secondary cpu clock
[    9.656394] mce: CPU supports 0 MCE banks
[    9.659541] x86: Booted up 1 node, 2 CPUs
[    9.661073] smpboot: Total of 2 processors activated (10847.99 BogoMIPS)
[    9.663421] devtmpfs: initialized
[    9.666428] evm: security.selinux
[    9.667614] evm: security.SMACK64
[    9.668695] evm: security.SMACK64EXEC
[    9.670039] evm: security.SMACK64TRANSMUTE
[    9.673825] evm: security.SMACK64MMAP
[    9.675048] evm: security.ima
[    9.676204] evm: security.capability
[    9.677585] clocksource: jiffies: mask: 0xffffffff max_cycles: 0xffffffff, max_idle_ns: 7645041785100000 ns
[    9.681881] futex hash table entries: 512 (order: 3, 32768 bytes)
[    9.686256] pinctrl core: initialized pinctrl subsystem
[    9.688589] RTC time:  0:27:05, date: 06/16/18
[    9.694000] NET: Registered protocol family 16
[    9.705074] cpuidle: using governor ladder
[    9.789152] cpuidle: using governor menu
[    9.852102] PCCT header not found.
[    9.932740] ACPI: bus type PCI registered
[   10.025819] acpiphp: ACPI Hot Plug PCI Controller Driver version: 0.5
[   10.156650] PCI: Using configuration type 1 for base access
[   10.283309] ACPI: Added _OSI(Module Device)
[   10.356356] ACPI: Added _OSI(Processor Device)
[   10.463053] ACPI: Added _OSI(3.0 _SCP Extensions)
[   10.552737] ACPI: Added _OSI(Processor Aggregator Device)
[   10.674042] ACPI: Executed 1 blocks of module-level executable AML code
[   10.748951] ACPI: Interpreter enabled
[   10.750349] ACPI: (supports S0 S5)
[   10.751617] ACPI: Using IOAPIC for interrupt routing
[   10.753274] PCI: Using host bridge windows from ACPI; if necessary, use "pci=nocrs" and report a bug
[   10.760320] ACPI: PCI Root Bridge [PCI0] (domain 0000 [bus 00-ff])
[   10.763386] acpi PNP0A03:00: _OSC: OS supports [ASPM ClockPM Segments MSI]
[   10.767667] acpi PNP0A03:00: _OSC: not requesting OS control; OS requires [ExtendedConfig ASPM ClockPM MSI]
[   10.770694] acpi PNP0A03:00: fail to add MMCONFIG information, can't access extended PCI configuration space under this bridge.
[   10.774536] PCI host bridge to bus 0000:00
[   10.775934] pci_bus 0000:00: root bus resource [io  0x0000-0x0cf7 window]
[   10.778141] pci_bus 0000:00: root bus resource [io  0x0d00-0xffff window]
[   10.780177] pci_bus 0000:00: root bus resource [mem 0x000a0000-0x000bffff window]
[   10.782532] pci_bus 0000:00: root bus resource [mem 0x40000000-0xfdffffff window]
[   10.784900] pci_bus 0000:00: root bus resource [bus 00-ff]
[   10.789096] pci 0000:00:01.1: legacy IDE quirk: reg 0x10: [io  0x01f0-0x01f7]
[   10.791426] pci 0000:00:01.1: legacy IDE quirk: reg 0x14: [io  0x03f6]
[   10.802304] pci 0000:00:01.1: legacy IDE quirk: reg 0x18: [io  0x0170-0x0177]
[   10.890903] pci 0000:00:01.1: legacy IDE quirk: reg 0x1c: [io  0x0376]
[   10.914256] pci 0000:00:07.0: quirk: [io  0x4000-0x403f] claimed by PIIX4 ACPI
[   10.917823] pci 0000:00:07.0: quirk: [io  0x4100-0x410f] claimed by PIIX4 SMB
[   10.925235] ACPI: PCI Interrupt Link [LNKA] (IRQs 5 9 10 *11)
[   10.927750] ACPI: PCI Interrupt Link [LNKB] (IRQs 5 9 *10 11)
[   10.930167] ACPI: PCI Interrupt Link [LNKC] (IRQs 5 *9 10 11)
[   10.932567] ACPI: PCI Interrupt Link [LNKD] (IRQs 5 9 10 *11)
[   10.935176] ACPI: Enabled 2 GPEs in block 00 to 07
[   10.937141] vgaarb: setting as boot device: PCI:0000:00:02.0
[   10.940073] vgaarb: device added: PCI:0000:00:02.0,decodes=io+mem,owns=io+mem,locks=none
[   10.942029] vgaarb: loaded
[   10.942772] vgaarb: bridge control possible 0000:00:02.0
[   10.944219] SCSI subsystem initialized
[   10.945270] ACPI: bus type USB registered
[   10.956919] usbcore: registered new interface driver usbfs
[   10.984313] usbcore: registered new interface driver hub
[   10.986152] usbcore: registered new device driver usb
[   10.989652] PCI: Using ACPI for IRQ routing
[   10.992502] NetLabel: Initializing
[   10.993740] NetLabel:  domain hash size = 128
[   10.995157] NetLabel:  protocols = UNLABELED CIPSOv4
[   10.996690] NetLabel:  unlabeled traffic allowed by default
[   10.998567] amd_nb: Cannot enumerate AMD northbridges
[   11.000157] clocksource: Switched to clocksource kvm-clock
[   11.010391] AppArmor: AppArmor Filesystem Enabled
[   11.128] pnp: PnP ACPI init
[   11.083003] pnp: PnP ACPI: found 3 devic
[ 11384]locksurce: acpi_pm: mask: 0xffffff max_cycles: 0xffffff, max_idle_ns: 2085701024 ns
[   11.368756] NET: Registered protocol family 2
[   11.370094] TCP established hash table entries: 8192 (order: 4, 65536 bytes)
[   11.371824] TCP bind hash table entries: 8192 (order: 5, 131072 bytes)
[   11.373404] TCP: Hash tables configured (established 8192 bind 8192)
[   11.374965] UDP hash table entries: 512 (order: 2, 16384 bytes)
[   11.376410] UDP-Lite hash table entries: 512 (order: 2, 16384 bytes)
[   11.377923] NET: Registered protocol family 1
[   11.378988] pci 0000:00:00.0: Limiting direct PCI/PCI transfers
[   11.380406] pci 0000:00:01.0: Activating ISA DMA hang workarounds
[   11.382101] Unpacking initramfs...
[   11.597713] Freeing initrd memory: 15316K
[   11.632767] platform rtc_cmos: registered platform RTC device (no PNP device found)
[   11.744939] Scanning for low memory corruption every 60 seconds
[   11.822976] audit: initializing netlink subsys (disabled)
[   11.845704] audit: type=2000 audit(1529108823.187:1): initialized
[   11.849632] Initialise system trusted keyring
[   11.851396] HugeTLB registered 2 MB page size, pre-allocated 0 pages
[   11.854402] zbud: loaded
[   11.855801] VFS: Disk quotas dquot_6.6.0
[   11.857139] VFS: Dquot-cache hash table entries: 512 (order 0, 4096 bytes)
[   11.863945] squashfs: version 4.0 (2009/01/31) Phillip Lougher
[   11.866199] fuse init (API version 7.23)
[   11.867711] Key type big_key registered
[   11.869181] Allocating IMA MOK and blacklist keyrings.
[   11.874541] Key type asymmetric registered
[   11.877190] Asymmetric key parser 'x509' registered
[   11.878891] Block layer SCSI generic (bsg) driver version 0.4 loaded (major 249)
[   11.881406] io scheduler noop registered
[   11.882743] io scheduler deadline registered (default)
[   11.884362] io scheduler cfq registered
[   11.885788] pci_hotplug: PCI Hot Plug PCI Core version: 0.5
[   11.887525] pciehp: PCI Express Hot Plug Controller Driver version: 0.4
[   11.889792] ACPI: AC Adapter [AC] (off-line)
[   11.891422] input: Power Button as /devices/LNXSYSTM:00/LNXPWRBN:00/input/input0
[   11.893450] ACPI: Power Button [PWRF]
[   11.894447] input: Sleep Button as /devices/LNXSYSTM:00/LNXSLPBN:00/input/input1
[   11.896238] ACPI: Sleep Button [SLPF]
[   11.967247] GHES: HEST is not enabled!
[   11.968508] ACPI: Battery Slot [BAT0] (battery present)
[   12.147422] Serial: 8250/16550 driver, 32 ports, IRQ sharing enabled
[   12.400691] 00:02: ttyS0 at I/O 0x3f8 (irq = 4, base_baud = 115200) is a 16550A
[   12.648574] Linux agpgart interface v0.103
[   12.648704] tsc: Refined TSC clocksource calibration: 2711.960 MHz
[   12.648706] clocksource: tsc: mask: 0xffffffffffffffff max_cycles: 0x271760e02b9, max_idle_ns: 440795317526 ns
[   12.950262] loop: module loaded
[   12.952019] scsi host0: ata_piix
[   12.953439] scsi host1: ata_piix
[   12.954595] ata1: PATA max UDMA/33 cmd 0x1f0 ctl 0x3f6 bmdma 0xd000 irq 14
[   12.956567] ata2: PATA max UDMA/33 cmd 0x170 ctl 0x376 bmdma 0xd008 irq 15
[   12.958617] libphy: Fixed MDIO Bus: probed
[   12.960047] tun: Universal TUN/TAP device driver, 1.6
[   12.961670] tun: (C) 1999-2004 Max Krasnyansky <maxk@qualcomm.com>
[   12.963533] PPP generic driver version 2.4.2
[   12.965021] ehci_hcd: USB 2.0 'Enhanced' Host Controller (EHCI) Driver
[   12.969520] ehci-pci: EHCI PCI platform driver
[   12.970877] ehci-platform: EHCI generic platform driver
[   12.973633] ohci_hcd: USB 1.1 'Open' Host Controller (OHCI) Driver
[   12.975511] ohci-pci: OHCI PCI platform driver
[   12.978180] ohci-platform: OHCI generic platform driver
[   12.979802] uhci_hcd: USB Universal Host Controller Interface driver
[   12.982976] i8042: PNP: PS/2 Controller [PNP0303:PS2K,PNP0f03:PS2M] at 0x60,0x64 irq 1,12
[   12.987252] serio: i8042 KBD port at 0x60,0x64 irq 1
[   12.988563] serio: i8042 AUX port at 0x60,0x64 irq 12
[   12.989856] mousedev: PS/2 mouse device common for all mice
[   12.991628] input: AT Translated Set 2 keyboard as /devices/platform/i8042/serio0/input/input2
[   13.177524] rtc_cmos rtc_cmos: rtc core: registered rtc_cmos as rtc0
[   13.338700] rtc_cmos rtc_cmos: alarms up to one day, 114 bytes nvram
[   13.54916] c /deveniedrer
[   13.854904] device-mapper: uevent: version 1.0.3
[   13.912835] device-mapper: ioctl: 4.34.0-ioctl (2015-10-28) initialised: dm-devel@redhat.com
[   14.026918] ledtrig-cpu: registered to indicate activity on CPUs
[   14.039414] NET: Registered protocol family 10
[   14.041168] NET: Registered protocol family 17
[   14.042703] Key type dns_resolver registered
[   14.044855] registered taskstats version 1
[   14.046251] Loading compiled-in X.509 certificates
[   14.048347] Loaded X.509 cert 'Build time autogenerated kernel key: 9f6f572a3ee0cb468eb8db4aa61815bc74ef6adb'
[   14.053461] zswap: loaded using pool lzo/zbud
[   14.059555] Key type trusted registered
[   14.065074] Key type encrypted registered
[   14.066529] AppArmor: AppArmor sha1 policy hashing enabled
[   14.069393] ima: No TPM chip found, activating TPM-bypass!
[   14.071098] evm: HMAC attrs: 0x1
[   14.072665]   Magic number: 6:125:456
[   14.073904] mem urandom: hash matches
[   14.075322] rtc_cmos rtc_cmos: setting system clock to 2018-06-16 00:27:09 UTC (1529108829)
[   14.081147] BIOS EDD facility v0.16 2004-Jun-25, 0 devices found
[   14.085247] EDD information not available.
[   14.087546] Freeing unused kernel memory: 1512K
[   14.102290] Write protecting the kernel read-only data: 14336k
[   14.225612] Freeing unused kernel memory: 1692K
[   14.321276] Freeing unused kernel memory: 96K
Loading, please wait...
startin[   14.396696] random: systemd-udevd: uninitialized urandom read (16 bytes read, 7 bits of entropy available)
g version 229
[   14.396873] random: udevadm: uninitialized urandom read (16 bytes read, 7 bits of entropy available)
[   14.396890] random: udevadm: uninitialized urandom read (16 bytes read, 7 bits of entropy available)
[   14.402847] random: udevadm: uninitialized urandom read (16 bytes read, 7 bits of entropy available)
[   14.402880] random: udevadm: uninitialized urandom read (16 bytes read, 7 bits of entropy available)
[   14.402988] random: udevadm: uninitialized urandom read (16 bytes read, 7 bits of entropy available)
[   14.403026] random: udevadm: uninitialized urandom read (16 bytes read, 7 bits of entropy available)
[   14.403064] random: udevadm: uninitialized urandom read (16 bytes read, 7 bits of entropy available)
[   14.403102] random: udevadm: uninitialized urandom read (16 bytes read, 7 bits of entropy available)
[   14.403137] random: udevadm: uninitialized urandom read (16 bytes read, 7 bits of entropy available)
[   15.183450] e1000: Intel(R) PRO/1000 Network Driver - version 7.3.21-k8-NAPI
[   15.185086] e1000: Copyright (c) 1999-2006 Intel Corporation.
[   15.189493] Fusion MPT base driver 3.04.20
[   15.246021] Copyright (c) 1999-2008 LSI Corporation
[   15.252974] Fusion MPT SPI Host driver 3.04.20
[   15.344474] AVX2 version of gcm_enc/dec engaged.
[   15.467911] AES CTR mode by8 optimization enabled
[   15.690776] e1000 0000:00:03.0 eth0: (PCI:33MHz:32-bit) 02:14:68:3e:84:47
[   15.928320] e1000 0000:00:03.0 eth0: Intel(R) PRO/1000 Network Connection
[   16.206444] mptbase: ioc0: Initiating bringup
[   16.207161] e1000 0000:00:03.0 enp0s3: renamed from eth0
[   16.237052] input: ImExPS/2 Generic Explorer Mouse as /devices/platform/i8042/serio1/input/input4
[   16.401337] ioc0: LSI53C1030 A0: Capabilities={Initiator}
[   17.710193] scsi host2: ioc0: LSI53C1030 A0, FwRev=00000000h, Ports=1, MaxQ=256, IRQ=20
[   18.778470] scsi 2:0:0:0: Direct-Access     VBOX     HARDDISK         1.0  PQ: 0 ANSI: 5
[   19.433333] scsi target2:0:0: Beginning Domain Validation
[   19.490867] scsi target2:0:0: Domain Validation skipping write tests
[   19.524849] scsi target2:0:0: Ending Domain Validation
[   19.526528] scsi target2:0:0: asynchronous
[   19.533146] scsi 2:0:1:0: Direct-Access     VBOX     HARDDISK         1.0  PQ: 0 ANSI: 5
[   19.535667] scsi target2:0:1: Beginning Domain Validation
[   19.548352] scsi target2:0:1: Domain Validation skipping write tests
[   19.557232] scsi target2:0:1: Ending Domain Validation
[   20.182039] scsi target2:0:1: asynchronous
[   20.441060] sd 2:0:0:0: Attached scsi generic sg0 type 0
[   20.442384] sd 2:0:0:0: [sda] 20971520 512-byte logical blocks: (10.7 GB/10.0 GiB)
[   20.444582] sd 2:0:1:0: [sdb] 20480 512-byte logical blocks: (10.5 MB/10.0 MiB)
[   20.446507] sd 2:0:1:0: [sdb] Write Protect is off
[   20.446515] sd 2:0:0:0: [sda] Write Protect is off
[   20.452402] sd 2:0:1:0: Attached scsi generic sg1 type 0
[   20.596984] sd 2:0:0:0: [sda] Incomplete mode parameter data
[   20.608077] sd 2:0:0:0: [sda] Assuming drive cache: write through
[   20.608437] sd 2:0:1:0: [sdb] Incomplete mode parameter data
[   20.608439] sd 2:0:1:0: [sdb] Assuming drive cache: write through
[   20.619166]  sda: sda1
[   20.620300] sd 2:0:1:0: [sdb] Attached SCSI disk
[   20.623026] sd 2:0:0:0: [sda] Attached SCSI disk
Begin: Loading e[   21.943481] md: linear personality registered for level -1
ssential drivers[   22.043690] md: multipath personality registered for level -4
 ... [   22.140952] md: raid0 personality registered for level 0
[   22.263350] md: raid1 personality registered for level 1
[   22.417364] raid6: sse2x1   gen() 11544 MB/s
[   22.646878] raid6: sse2x1   xor()  8954 MB/s
[   22.844552] raid6: sse2x2   gen() 12249 MB/s
[   22.921716] raid6: sse2x2   xor()  8631 MB/s
[   23.144962] raid6: sse2x4   gen() 15976 MB/s
[   23.345378] raid6: sse2x4   xor() 11066 MB/s
[   23.596835] raid6: avx2x1   gen() 24210 MB/s
[   23.820290] raid6: avx2x2   gen() 24669 MB/s
[   23.960756] raid6: avx2x4   gen() 24092 MB/s
[   24.078489] raid6: using algorithm avx2x2 gen() 24669 MB/s
[   24.167487] raid6: using avx2x2 recovery algorithm
[   24.309605] xor: automatically using best checksumming function:
[   24.472431]    avx       : 19168.000 MB/sec
[   24.503343] async_tx: api initialized (async)
[   24.643802] md: raid6 personality registered for level 6
[   24.816319] md: raid5 personality registered for level 5
[   24.898265] md: raid4 personality registered for level 4
[   25.002485] md: raid10 personality registered for level 10
done.
Begin: Running /scripts/init-premount ... done.
Begin: Mounting root file system ... Begin: Running /scripts/local-top ... done.
Begin: Running /scripts/local-premount ... [   25.036974] Btrfs loaded
Scanning for Btrfs filesystems
done.
Warning: fsck not present, so skipping root file system
[   25.072284] EXT4-fs (sda1): mounted filesystem with ordered data mode. Opts: (null)
done.
Begin: Running /scripts/local-bottom ... done.
Begin: Running /scripts/init-bottom ... done.
[   25.183658] systemd[1]: systemd 229 running in system mode. (+PAM +AUDIT +SELINUX +IMA +APPARMOR +SMACK +SYSVINIT +UTMP +LIBCRYPTSETUP +GCRYPT +GNUTLS +ACL +XZ -LZ4 +SECCOMP +BLKID +ELFUTILS +KMOD -IDN)

[   25.577669] systemd[1]: Detected virtualization oracle.
[   25.777340] systemd[1]: Detected architecture x86-64.

Welcome to [1mUbuntu 16.04.3 LTS[0m!

[   25.910858] systemd[1]: Set hostname to <ubuntu-xenial>.
[   26.251386] systemd[1]: Reached target Swap.
[[0;32m  OK  [0m] Reached target Swap.
[   26.254037] systemd[1]: Listening on Syslog Socket.
[[0;32m  OK  [0m] Listening on Syslog Socket.
[   26.257137] systemd[1]: Created slice User and Session Slice.
[[0;32m  OK  [0m] Created slice User and Session Slice.
[   26.260090] systemd[1]: Listening on LVM2 metadata daemon socket.
[[0;32m  OK  [0m] Listening on LVM2 metadata daemon socket.
[   26.263314] systemd[1]: Started Forward Password Requests to Wall Directory Watch.
[[0;32m  OK  [0m] Started Forward Password Requests to Wall Directory Watch.
[   26.267159] systemd[1]: Listening on Journal Socket (/dev/log).
[[0;32m  OK  [0m] Listening on Journal Socket (/dev/log).
[   26.270506] systemd[1]: Listening on udev Control Socket.
[[0;32m  OK  [0m] Listening on udev Control Socket.
[   26.280625] systemd[1]: Set up automount Arbitrary Executable File Formats File System Automount Point.
[[0;32m  OK  [0m] Set up automount Arbitrary Executab...ats File System Automount Point.
[   26.297938] systemd[1]: Created slice System Slice.
[[0;32m  OK  [0m] Created slice System Slice.
[   26.509212] systemd[1]: Reached target Slices.
[[0;32m  OK  [0m] Reached target Slices.
[   26.677371] systemd[1]: Reached target Encrypted Volumes.
[[0;32m  OK  [0m] Reached target Encrypted Volumes.
[   26.854123] systemd[1]: Created slice system-serial\x2dgetty.slice.
[[0;32m  OK  [0m] Created slice system-serial\x2dgetty.slice.[   27.007928] random: nonblocking pool is initialized

[   27.351393] systemd[1]: Listening on /dev/initctl Compatibility Named Pipe.
[[0;32m  OK  [0m] Listening on /dev/initctl Compatibility Named Pipe.
[   27.392682] systemd[1]: Reached target User and Group Name Lookups.
[[0;32m  OK  [0m] Reached target User and Group Name Lookups.
[   27.659295] systemd[1]: Started Trigger resolvconf update for networkd DNS.
[[0;32m  OK  [0m] Started Trigger resolvconf update for networkd DNS.
[   27.873646] systemd[1]: Listening on udev Kernel Socket.
[[0;32m  OK  [0m] Listening on udev Kernel Socket.
[   28.064933] systemd[1]: Listening on LVM2 poll daemon socket.
[[0;32m  OK  [0m] Listening on LVM2 poll daemon socket.
[   28.303142] systemd[1]: Listening on Journal Audit Socket.
[[0;32m  OK  [0m] Listening on Journal Audit Socket.
[   28.322583] systemd[1]: Listening on Device-mapper event daemon FIFOs.
[[0;32m  OK  [0m] Listening on Device-mapper event daemon FIFOs.
[   28.327481] systemd[1]: Listening on Journal Socket.
[[0;32m  OK  [0m] Listening on Journal Socket.
[   28.344388] systemd[1]: Starting Set console keymap...
         Starting Set console keymap...
[   28.348669] systemd[1]: Mounting Debug File System...
         Mounting Debug File System...
[   28.354707] systemd[1]: Mounting Huge Pages File System...
         Mounting Huge Pages File System...
[   28.370477] systemd[1]: Starting Uncomplicated firewall...
         Starting Uncomplicated firewall...
[   28.464881] systemd[1]: Starting Journal Service...
         Starting Journal Service...
[   28.644821] systemd[1]: Starting Nameserver information manager...
         Starting Nameserver information manager...
[   28.944959] systemd[1]: Starting Load Kernel Modules...
[   9.8088] Loadi iSIrapo class v2.0-870.
         Starting Load Kernel Modules...
[   29.391850] systemd[1]: Starting Monitoring of LVM2 mirrors, snapshots etc. using dmeventd or progress polling...
         Starting Monitoring of LVM2 mirrors... dmeventd or progress polling...
[   29.421215] systemd[1]: Starting Create list of required static device nodes for the current kernel...
         Starting Create list of required st... nodes for the current kernel...
[   29.432361] systemd[1]: Mounting POSIX Message Queue File System...
[   29.436771] iscsi: registered transport (tcp)
         Mounting POSIX Message Queue File System...
[   29.442129] systemd[1]: Starting Remount Root and Kernel File Systems...
[   29.447908] EXT4-fs (sda1): re-mounted. Opts: (null)
         Starting Remount Root and Kernel File Systems...
[   29.453378] systemd[1]: Mounted Debug File System.
[[0;32m  OK  [0m] Mounted Debug File System.
[   29.460420] systemd[1]: Mounted Huge Pages File System.
[[0;32m  OK  [0m] Mounted Huge Pages File System.
[   29.465048] systemd[1]: Mounted POSIX Message Queue File System.
[[0;32m  OK  [0m] Mounted POSIX Message Queue File System.
[   29.469121] systemd[1]: Started Journal Service.
[[0;32m  OK  [0m] Started Journal Service.
[[0;32m  OK  [0m] Started Set console keymap.[   29.480633] iscsi: registered transport (iser)

[[0;32m  OK  [0m] Started Uncomplicated firewall.
[[0;32m  OK  [0m] Started Load Kernel Modules.
[[0;32m  OK  [0m] Started Create list of required sta...ce nodes for the current kernel.
[[0;32m  OK  [0m] Started Remount Root and Kernel File Systems.
[[0;32m  OK  [0m] Started Nameserver information manager.
[[0;32m  OK  [0m] Started LVM2 metadata daemon.
         Starting Load/Save Random Seed...
         Starting Initial cloud-init job (pre-networking)...
         Starting udev Coldplug all Devices...
         Starting Create Static Device Nodes in /dev...
         Starting Apply Kernel Variables...
         Mounting FUSE Control File System...
         Starting Flush Journal to Persistent Storage...
[[0;32m  OK  [0m] Mounted FUSE Control File System.
[[0;32m  OK  [0m] Started Load/Save Random Seed.
[[0;32m  OK  [0m] Started Create Static Device Nodes in /dev.
[[0;32m  OK  [0m] Started Apply Kernel Variables.
[[0;32m  OK  [0m] Started udev Coldplug all Devices.
[[0;32m  OK  [0m] Started Flush Journal to Persistent Storage.
         Starting udev Kernel Device Manager...
[[0;32m  OK  [0m] Started udev Kernel Device Manager.
[[0;32m  OK  [0m] Started Dispatch Password Requests to Console Directory Watch.
[[0;32m  OK  [0m] Found device /dev/ttyS0.
[[0;32m  OK  [0m] Started Monitoring of LVM2 mirrors,...ng dmeventd or progress polling.
[[0;32m  OK  [0m] Reached target Local File Systems (Pre).
[[0;32m  OK  [0m] Reached target Local File Systems.
         Starting LSB: AppArmor initialization...
         Starting Tell Plymouth To Write Out Runtime Data...
         Starting Set console font and keymap...
         Starting Create Volatile Files and Directories...
[[0;32m  OK  [0m] Started Tell Plymouth To Write Out Runtime Data.
[[   20.433527] cloud-init[444]: Cloud-init v. 0.7.9 running 'init-local' at Sat, 16 Jun 2018 00:27:26 +0000. Up 20.13 seconds.
[0;32m  OK  [0m] Started Create Volatile Files and Directories.
[[0;32m  OK  [0m] Started Initial cloud-init job (pre-networking).
[[0;32m  OK  [0m] Listening on Load/Save RF Kill Switch Status /dev/rfkill Watch.
[[0;32m  OK  [0m] Reached target Network (Pre).
[[0;32m  OK  [0m] Reached target System Time Synchronized.
         Starting Update UTMP about System Boot/Shutdown...
[[0;32m  OK  [0m] Started LSB: AppArmor initialization.
[[0;32m  OK  [0m] Started Set console font and keymap.
[[0;32m  OK  [0m] Created slice system-getty.slice.
         Starting Raise network interfaces...
[[0;32m  OK  [0m] Started ifup for enp0s3.
[[0;32m  OK  [0m] Started Update UTMP about System Boot/Shutdown.
[[0;32m  OK  [0m] Started Raise network interfaces.
[[0;32m  OK  [0m] Reached target Network.
         Starting Initial cloud-init job (metadata service crawler)...
[   21.790357] cloud-init[953]: Cloud-init v. 0.7.9 running 'init' at Sat, 16 Jun 2018 00:27:27 +0000. Up 21.50 seconds.
[   21.877185] cloud-init[953]: ci-info: +++++++++++++++++++++++++++++++++++++Net device info++++++++++++++++++++++++++++++++++++++
[   21.877942] cloud-init[953]: ci-info: +--------+------+----------------------------+---------------+-------+-------------------+
[[0;32m  OK  [0m] Started Initial cloud-init job (metadata service crawler).
[   21.878546] cloud-init[953]: ci-info: | Device |  Up  |          Address           |      Mask     | Scope |     Hw-Address    |
[   21.962155] cloud-init[953]: ci-info: +--------+------+----------------------------+---------------+-------+-------------------+
[   21.966978] cloud-init[953]: ci-info: | enp0s3 | True |         10.0.2.15          | 255.255.255.0 |   .   | 02:14:68:3e:84:47 |
[   21.967404] cloud-init[953]: ci-info: | enp0s3 | True | fe80::14:68ff:fe3e:8447/64 |       .       |  link | 02:14:68:3e:84:47 |
[   21.967822] cloud-init[953]: ci-info: |   lo   | True |         127.0.0.1          |   255.0.0.0   |   .   |         .         |
[   21.968965] cloud-init[953]: ci-info: |   lo   | True |          ::1/128           |       .       |  host |         .         |
[   21.969792] cloud-init[953]: ci-info: +--------+------+----------------------------+---------------+-------+-------------------+
[   21.970154] cloud-init[953]: ci-info: +++++++++++++++++++++++++++Route IPv4 info++++++++++++++++++++++++++++
[   21.970585] cloud-init[953]: ci-info: +-------+-------------+----------+---------------+-----------+-------+
[   21.971045] cloud-init[953]: ci-info: | Route | Destination | Gateway  |    Genmask    | Interface | Flags |
[   21.971429] cloud-init[953]: ci-info: +-------+-------------+----------+---------------+-----------+-------+
[   21.971764] cloud-init[953]: ci-info: |   0   |   0.0.0.0   | 10.0.2.2 |    0.0.0.0    |   enp0s3  |   UG  |
[   21.972657] cloud-init[953]: ci-info: |   1   |   10.0.2.0  | 0.0.0.0  | 255.255.255.0 |   enp0s3  |   U   |
[   21.973095] cloud-init[953]: ci-info: +-------+-------------+----------+---------------+-----------+-------+
[[0;32m  OK  [0m] Reached target System Initialization.
         Starting LXD - unix socket.
[[0;32m  OK  [0m] Listening on D-Bus System Message Bus Socket.
         Starting Socket activation for snappy daemon.
[[0;32m  OK  [0m] Listening on ACPID Listen Socket.
[[0;32m  OK  [0m] Started Timer to automatically fetch and run repair assertions.
[[0;32m  OK  [0m] Started ACPI Events Check.
[[0;32m  OK  [0m] Reached target Paths.
[[0;32m  OK  [0m] Started Daily Cleanup of Temporary Directories.
[[0;32m  OK  [0m] Listening on UUID daemon activation socket.
[[0;32m  OK  [0m] Started Timer to automatically refresh installed snaps.
[[0;32m  OK  [0m] Reached target Network is Online.
         Starting iSCSI initiator daemon (iscsid)...
[[0;32m  OK  [0m] Started Daily apt download activities.
[[0;32m  OK  [0m] Started Daily apt upgrade and clean activities.
[[0;32m  OK  [0m] Reached target Timers.
[[0;32m  OK  [0m] Reached target Cloud-config availability.
[[0;32m  OK  [0m] Listening on LXD - unix socket.
[[0;32m  OK  [0m] Listening on Socket activation for snappy daemon.
[[0;32m  OK  [0m] Started iSCSI initiator daemon (iscsid).
         Starting Login to default iSCSI targets...
[[0;32m  OK  [0m] Reached target Sockets.
[[0;32m  OK  [0m] Reached target Basic System.
[[0;32m  OK  [0m] Started D-Bus System Message Bus.
[[0;32m  OK  [0m] Started ACPI event daemon.
[[0;32m  OK  [0m] Started FUSE filesystem for LXC.
         Starting Apply the settings specified in cloud-config...
[[0;32m  OK  [0m] Started Unattended Upgrades Shutdown.
[[0;32m  OK  [0m] Started Regular background program processing daemon.
         Starting Accounts Service...
         Starting /etc/rc.local Compatibility...
         Starting LSB: Record successful boot for GRUB...
[[0;32m  OK  [0m] Started Deferred execution scheduler.
         Starting Login Service...
         Starting OpenBSD Secure Shell server...
         Starting Snappy daemon...
         Starting System Logging Service...
         Starting MySQL Community Server...
         Starting LSB: MD monitoring daemon...
         Starting Automatically fetch and run repair assertions...
         Starting LXD - container startup/shutdown...
[[0;32m  OK  [0m] Started System Logging Service.
[[0;32m  OK  [0m] Started /etc/rc.local Compatibility.
[[0;32m  OK  [0m] Started Automatically fetch and run repair assertions.
[[0;32m  OK  [0m] Started OpenBSD Secure Shell server.
[[0;32m  OK  [0m] Started Login to default iSCSI targets.
[[0;32m  OK  [0m] Started LXD - container startup/shutdown.
[[0;32m  OK  [0m] Started LSB: Record successful boot for GRUB.
[[0;32m  OK  [0m] Started LSB: MD monitoring daemon.
[[0;32m  OK  [0m] Started Login Service.
         Starting Authenticate and Authorize Users to Run Privileged Tasks...
[[0;32m  OK  [0m] Reached target Remote File Systems (Pre).
[[0;32m  OK  [0m] Reached target Remote File Systems.
         Starting LSB: VirtualBox Linux Additions...
         Starting Permit User Sessions...
         Starting LSB: Set the CPU Frequency Scaling governor to "ondemand"...
         Starting LSB: daemon to balance interrupts for SMP systems...
         Starting LSB: automatic crash report generation...
[[0;32m  OK  [0m] Started Snappy daemon.
[[0;32m  OK  [0m] Started Permit User Sessions.
[[0;32m  OK  [0m] Started Authenticate and Authorize Users to Run Privileged Tasks.
[[0;32m  OK  [0m] Started Accounts Service.
         Starting Terminate Plymouth Boot Screen...
         Starting Hold until boot process finishes up...
         Starting Auto import assertions from block devices...
[[0;32m  OK  [0m] Started LSB: Set the CPU Frequency Scaling governor to "ondemand".
[[0;32m  OK  [0m] Started LSB: daemon to balance interrupts for SMP systems.
[[0;32m  OK  [0m] Started Terminate Plymouth Boot Screen.
[[0;32m  OK  [0m] Started Hold until boot process finishes up.
[[0;32m  OK  [0m] Started Getty on tty1.
         Starting Set console scheme...
[[0;32m  OK  [0m] Started Serial Getty on ttyS0.
[[0;32m  OK  [0m] Reached target Login Prompts.
[[0;32m  OK  [0m] Started LSB: VirtualBox Linux Additions.
[[0;32m  OK  [0m] Started LSB: automatic crash report generation.
[[0;32m  OK  [0m] Started Auto import assertions from block devices.
[[0;32m  OK  [0m] Started Set console scheme.
[[0;32m  OK  [0m] Created slice User Slice of ubuntu.
[[0;32m  OK  [0m] Started Session 1 of user ubuntu.
         Starting User Manager for UID 1000...
[[0;32m  OK  [0m] Started User Manager for UID 1000.
[   23.109063] cloud-init[1017]: Cloud-init v. 0.7.9 running 'modules:config' at Sat, 16 Jun 2018 00:27:28 +0000. Up 22.96 seconds.
[[0;32m  OK  [0m] Started Apply the settings specified in cloud-config.
[[0;32m  OK  [0m] Started MySQL Community Server.
[[0;32m  OK  [0m] Reached target Multi-User System.
[[0;32m  OK  [0m] Reached target Graphical Interface.
         Starting Update UTMP about System Runlevel Changes...
         Starting Execute cloud user/final scripts...
[[0;32m  OK  [0m] Started Update UTMP about System Runlevel Changes.
[   23.885503] cloud-init[1310]: Cloud-init v. 0.7.9 running 'modules:final' at Sat, 16 Jun 2018 00:27:29 +0000. Up 23.78 seconds.
[   23.936409] [cloud-init[0;32m  OK  [0m[1310]: ] Cloud-init v. 0.7.9 finished at Sat, 16 Jun 2018 00:27:29 +0000. Datasource DataSourceNoCloud [seed=/dev/sdb][dsmode=net].  Up 23.88 secondsStarted Execute cloud user/final scripts.

[[0;32m  OK  [0m] Reached target Cloud-init target.

Ubuntu 16.04.3 LTS ubuntu-xenial ttyS0

ubuntu-xenial login: 